[debug] [2024-01-21T05:53:58.736Z] ----------------------------------------------------------------------
[debug] [2024-01-21T05:53:58.738Z] Command:       /usr/local/bin/node /usr/local/bin/firebase init
[debug] [2024-01-21T05:53:58.738Z] CLI Version:   13.0.3
[debug] [2024-01-21T05:53:58.739Z] Platform:      linux
[debug] [2024-01-21T05:53:58.739Z] Node Version:  v20.10.0
[debug] [2024-01-21T05:53:58.739Z] Time:          Sat Jan 20 2024 21:53:58 GMT-0800 (Pacific Standard Time)
[debug] [2024-01-21T05:53:58.739Z] ----------------------------------------------------------------------
[debug] 
[debug] [2024-01-21T05:53:58.743Z] > command requires scopes: ["email","openid","https://www.googleapis.com/auth/cloudplatformprojects.readonly","https://www.googleapis.com/auth/firebase","https://www.googleapis.com/auth/cloud-platform"]
[debug] [2024-01-21T05:53:58.743Z] > authorizing via signed-in user (jeffk.wang00@gmail.com)
[info] 
     ######## #### ########  ######## ########     ###     ######  ########
     ##        ##  ##     ## ##       ##     ##  ##   ##  ##       ##
     ######    ##  ########  ######   ########  #########  ######  ######
     ##        ##  ##    ##  ##       ##     ## ##     ##       ## ##
     ##       #### ##     ## ######## ########  ##     ##  ######  ########

You're about to initialize a Firebase project in this directory:

  /home/jeffkwang00/miltzn-frontend

[info] 
=== Project Setup
[info] 
[info] First, let's associate this project directory with a Firebase project.
[info] You can create multiple project aliases by running firebase use --add, 
[info] but for now we'll just set up a default project.
[info] 
[debug] [2024-01-21T05:54:26.929Z] >>> [apiv2][query] GET https://firebase.googleapis.com/v1beta1/projects pageSize=100
[debug] [2024-01-21T05:54:27.489Z] <<< [apiv2][status] GET https://firebase.googleapis.com/v1beta1/projects 200
[debug] [2024-01-21T05:54:27.489Z] <<< [apiv2][body] GET https://firebase.googleapis.com/v1beta1/projects [omitted]
[info] i  Using project miltzn-frontend (Miltzn-Frontend) 
[info] 
=== Hosting Setup
[debug] [2024-01-21T05:54:29.540Z] >>> [apiv2][query] GET https://firebase.googleapis.com/v1beta1/projects/miltzn-frontend [none]
[debug] [2024-01-21T05:54:29.862Z] <<< [apiv2][status] GET https://firebase.googleapis.com/v1beta1/projects/miltzn-frontend 200
[debug] [2024-01-21T05:54:29.862Z] <<< [apiv2][body] GET https://firebase.googleapis.com/v1beta1/projects/miltzn-frontend {"projectId":"miltzn-frontend","projectNumber":"215909418723","displayName":"Miltzn-Frontend","name":"projects/miltzn-frontend","resources":{"hostingSite":"miltzn-frontend"},"state":"ACTIVE","etag":"1_4c811b1f-1346-4171-b946-f36ff346079c"}
[info] 
[info] Your public directory is the folder (relative to your project directory) that
[info] will contain Hosting assets to be uploaded with firebase deploy. If you
[info] have a build process for your assets, use your build's output directory.
[info] 
[debug] [2024-01-21T05:54:50.646Z] >>> [apiv2][query] GET https://www.gstatic.com/firebasejs/releases.json [none]
[debug] [2024-01-21T05:54:50.735Z] <<< [apiv2][status] GET https://www.gstatic.com/firebasejs/releases.json 200
[debug] [2024-01-21T05:54:50.735Z] <<< [apiv2][body] GET https://www.gstatic.com/firebasejs/releases.json {"current":{"version":"10.7.2","browserURL":"https://www.gstatic.com/firebasejs/10.7.2/firebase.js","packageURL":"https://www.gstatic.com/firebasejs/10.7.2/firebase.tgz"},"live":{"version":"10.7","browserURL":"https://www.gstatic.com/firebasejs/live/10.7/firebase.js","packageURL":"https://www.gstatic.com/firebasejs/live/10.7/firebase.tgz"},"components":{"analytics":"https://www.gstatic.com/firebasejs/10.7.2/firebase-analytics.js","app":"https://www.gstatic.com/firebasejs/10.7.2/firebase-app.js","app-check":"https://www.gstatic.com/firebasejs/10.7.2/firebase-app-check.js","auth":"https://www.gstatic.com/firebasejs/10.7.2/firebase-auth.js","auth/cordova":"https://www.gstatic.com/firebasejs/10.7.2/firebase-auth/cordova.js","functions":"https://www.gstatic.com/firebasejs/10.7.2/firebase-functions.js","firestore":"https://www.gstatic.com/firebasejs/10.7.2/firebase-firestore.js","firestore/lite":"https://www.gstatic.com/firebasejs/10.7.2/firebase-firestore/lite.js","installations":"https://www.gstatic.com/firebasejs/10.7.2/firebase-installations.js","storage":"https://www.gstatic.com/firebasejs/10.7.2/firebase-storage.js","performance":"https://www.gstatic.com/firebasejs/10.7.2/firebase-performance.js","remote-config":"https://www.gstatic.com/firebasejs/10.7.2/firebase-remote-config.js","messaging":"https://www.gstatic.com/firebasejs/10.7.2/firebase-messaging.js","messaging/sw":"https://www.gstatic.com/firebasejs/10.7.2/firebase-messaging/sw.js","database":"https://www.gstatic.com/firebasejs/10.7.2/firebase-database.js","firestore.memory":"https://www.gstatic.com/firebasejs/10.7.2/firebase-firestore.memory.js"}}
[info] i  Skipping write of public/index.html 
[info] 
[info] i  Didn't detect a .git folder. Assuming /home/jeffkwang00/miltzn-frontend is the project root. 
[info] i  Authorizing with GitHub to upload your service account to a GitHub repository's secrets store. 
[info] 
[info] Visit this URL on this device to log in:
[info] https://github.com/login/oauth/authorize?client_id=89cf50f02ac6aaed3484&state=510356066&redirect_uri=http%3A%2F%2Flocalhost%3A9005&scope=read%3Auser%20repo%20public_repo
[info] 
[info] Waiting for authentication...
[debug] [2024-01-21T05:55:07.853Z] >>> [apiv2][query] POST https://github.com/login/oauth/access_token [none]
[debug] [2024-01-21T05:55:07.853Z] >>> [apiv2][body] POST https://github.com/login/oauth/access_token [stream]
[debug] [2024-01-21T05:55:08.165Z] <<< [apiv2][status] POST https://github.com/login/oauth/access_token 200
[debug] [2024-01-21T05:55:08.165Z] <<< [apiv2][body] POST https://github.com/login/oauth/access_token {"access_token":"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","token_type":"bearer","scope":"read:user,repo"}
[debug] [2024-01-21T05:55:08.177Z] >>> [apiv2][query] GET https://api.github.com/user [none]
[debug] [2024-01-21T05:55:08.468Z] <<< [apiv2][status] GET https://api.github.com/user 200
[debug] [2024-01-21T05:55:08.468Z] <<< [apiv2][body] GET https://api.github.com/user {"login":"jeffkwang","id":55214987,"node_id":"MDQ6VXNlcjU1MjE0OTg3","avatar_url":"https://avatars.githubusercontent.com/u/55214987?v=4","gravatar_id":"","url":"https://api.github.com/users/jeffkwang","html_url":"https://github.com/jeffkwang","followers_url":"https://api.github.com/users/jeffkwang/followers","following_url":"https://api.github.com/users/jeffkwang/following{/other_user}","gists_url":"https://api.github.com/users/jeffkwang/gists{/gist_id}","starred_url":"https://api.github.com/users/jeffkwang/starred{/owner}{/repo}","subscriptions_url":"https://api.github.com/users/jeffkwang/subscriptions","organizations_url":"https://api.github.com/users/jeffkwang/orgs","repos_url":"https://api.github.com/users/jeffkwang/repos","events_url":"https://api.github.com/users/jeffkwang/events{/privacy}","received_events_url":"https://api.github.com/users/jeffkwang/received_events","type":"User","site_admin":false,"name":"Jeff Wang","company":null,"blog":"","location":"Bay Area, CA","email":null,"hireable":null,"bio":null,"twitter_username":null,"public_repos":7,"public_gists":0,"followers":0,"following":0,"created_at":"2019-09-11T22:33:19Z","updated_at":"2024-01-21T05:55:04Z","private_gists":0,"total_private_repos":6,"owned_private_repos":6,"disk_usage":139985,"collaborators":0,"two_factor_authentication":false,"plan":{"name":"free","space":976562499,"collaborators":0,"private_repos":10000}}
[info] 
[info] ✔  Success! Logged into GitHub as jeffkwang 
[info] 
